app/build/intermediates/manifest_merge_blame_file/debug/manifest-merger-blame-debug-report.txt
1<?xml version="1.0" encoding="utf-8"?>
2<manifest xmlns:android="http://schemas.android.com/apk/res/android"
3    package="com.ayudevice.ayushareintegrationdemo"
4    android:versionCode="1"
5    android:versionName="1.0" >
6
7    <uses-sdk
8        android:minSdkVersion="23"
8-->src\main\AndroidManifest.xml
9        android:targetSdkVersion="33" />
9-->src\main\AndroidManifest.xml
10
11    <queries>
11-->src\main\AndroidManifest.xml:5:5-7:15
12        <package android:name="com.ayudevices.ayushare2" />
12-->src\main\AndroidManifest.xml:6:9-60
12-->src\main\AndroidManifest.xml:6:18-57
13    </queries>
14
15    <application
15-->src\main\AndroidManifest.xml:8:5-33:19
16        android:allowBackup="true"
16-->src\main\AndroidManifest.xml:9:9-35
17        android:appComponentFactory="androidx.core.app.CoreComponentFactory"
17-->[androidx.core:core:1.5.0] AndroidManifest.xml:24:18-86
18        android:debuggable="true"
19        android:extractNativeLibs="false"
20        android:icon="@mipmap/ic_launcher"
20-->src\main\AndroidManifest.xml:10:9-43
21        android:label="@string/app_name"
21-->src\main\AndroidManifest.xml:11:9-41
22        android:roundIcon="@mipmap/ic_launcher_round"
22-->src\main\AndroidManifest.xml:12:9-54
23        android:supportsRtl="true"
23-->src\main\AndroidManifest.xml:13:9-35
24        android:testOnly="true"
25        android:theme="@style/Theme.AyuShareIntegrationDemo" >
25-->src\main\AndroidManifest.xml:14:9-61
26        <activity
26-->src\main\AndroidManifest.xml:15:9-24:20
27            android:name="com.ayudevice.ayushareintegrationdemo.MainActivity"
27-->src\main\AndroidManifest.xml:16:13-41
28            android:exported="true"
28-->src\main\AndroidManifest.xml:18:13-36
29            android:windowSoftInputMode="adjustNothing" >
29-->src\main\AndroidManifest.xml:17:13-56
30            <intent-filter>
30-->src\main\AndroidManifest.xml:19:13-23:29
31                <action android:name="android.intent.action.MAIN" />
31-->src\main\AndroidManifest.xml:20:17-69
31-->src\main\AndroidManifest.xml:20:25-66
32
33                <category android:name="android.intent.category.LAUNCHER" />
33-->src\main\AndroidManifest.xml:22:17-77
33-->src\main\AndroidManifest.xml:22:27-74
34            </intent-filter>
35        </activity>
36
37        <receiver
37-->src\main\AndroidManifest.xml:26:9-31:20
38            android:name="com.ayudevice.ayushareintegrationdemo.StreamLinkBroadcastReceiver"
38-->src\main\AndroidManifest.xml:26:19-62
39            android:exported="true" >
39-->src\main\AndroidManifest.xml:27:13-36
40            <intent-filter>
40-->src\main\AndroidManifest.xml:28:13-30:29
41                <action android:name="com.ayushare.streamdata" />
41-->src\main\AndroidManifest.xml:29:17-65
41-->src\main\AndroidManifest.xml:29:25-63
42            </intent-filter>
43        </receiver>
44    </application>
45
46</manifest>